

Started GET "/" for 127.0.0.1 at 2014-10-30 20:25:44 -0400
Processing by Rails::WelcomeController#index as HTML
  Rendered /Users/apprentice/.rbenv/versions/2.0.0-p353/lib/ruby/gems/2.0.0/gems/railties-4.0.3/lib/rails/templates/rails/welcome/index.html.erb (1.7ms)
Completed 200 OK in 20ms (Views: 8.1ms | ActiveRecord: 0.0ms)
  [1m[36m (6.9ms)[0m  [1mCREATE TABLE "schema_migrations" ("version" character varying(255) NOT NULL) [0m
  [1m[35m (3.6ms)[0m  CREATE UNIQUE INDEX "unique_schema_migrations" ON "schema_migrations" ("version")
  [1m[36mActiveRecord::SchemaMigration Load (0.3ms)[0m  [1mSELECT "schema_migrations".* FROM "schema_migrations"[0m
Migrating to CreateUsers (20141031031310)
  [1m[35m (0.1ms)[0m  BEGIN
  [1m[36m (5.3ms)[0m  [1mCREATE TABLE "users" ("id" serial primary key, "username" character varying(255), "password_digest" character varying(255), "created_at" timestamp, "updated_at" timestamp) [0m
  [1m[35mSQL (0.7ms)[0m  INSERT INTO "schema_migrations" ("version") VALUES ($1)  [["version", "20141031031310"]]
  [1m[36m (0.5ms)[0m  [1mCOMMIT[0m
Migrating to CreateUserLinks (20141031031723)
  [1m[35m (0.2ms)[0m  BEGIN
  [1m[36m (2.2ms)[0m  [1mCREATE TABLE "user_links" ("id" serial primary key, "user_id" integer, "link_id" integer, "created_at" timestamp, "updated_at" timestamp) [0m
  [1m[35mSQL (0.8ms)[0m  INSERT INTO "schema_migrations" ("version") VALUES ($1)  [["version", "20141031031723"]]
  [1m[36m (0.4ms)[0m  [1mCOMMIT[0m
Migrating to CreateLinks (20141031032214)
  [1m[35m (0.2ms)[0m  BEGIN
  [1m[36m (2.3ms)[0m  [1mCREATE TABLE "links" ("id" serial primary key, "url" character varying(255), "created_at" timestamp, "updated_at" timestamp) [0m
  [1m[35mSQL (0.3ms)[0m  INSERT INTO "schema_migrations" ("version") VALUES ($1)  [["version", "20141031032214"]]
  [1m[36m (0.4ms)[0m  [1mCOMMIT[0m
Migrating to CreateLinkTags (20141031032329)
  [1m[35m (0.2ms)[0m  BEGIN
  [1m[36m (2.2ms)[0m  [1mCREATE TABLE "link_tags" ("id" serial primary key, "link_id" integer, "tag_id" integer, "created_at" timestamp, "updated_at" timestamp) [0m
  [1m[35mSQL (0.2ms)[0m  INSERT INTO "schema_migrations" ("version") VALUES ($1)  [["version", "20141031032329"]]
  [1m[36m (1.7ms)[0m  [1mCOMMIT[0m
Migrating to CreateTags (20141031032419)
  [1m[35m (0.2ms)[0m  BEGIN
  [1m[36m (2.4ms)[0m  [1mCREATE TABLE "tags" ("id" serial primary key, "name" character varying(255), "created_at" timestamp, "updated_at" timestamp) [0m
  [1m[35mSQL (0.3ms)[0m  INSERT INTO "schema_migrations" ("version") VALUES ($1)  [["version", "20141031032419"]]
  [1m[36m (0.3ms)[0m  [1mCOMMIT[0m
Migrating to CreateRelationships (20141031032621)
  [1m[35m (0.1ms)[0m  BEGIN
  [1m[36m (2.1ms)[0m  [1mCREATE TABLE "relationships" ("id" serial primary key, "follower_id" integer, "followed_user_id" integer, "created_at" timestamp, "updated_at" timestamp) [0m
  [1m[35m (0.6ms)[0m  CREATE INDEX "index_relationships_on_follower_id" ON "relationships" ("follower_id")
  [1m[36m (0.6ms)[0m  [1mCREATE INDEX "index_relationships_on_followed_user_id" ON "relationships" ("followed_user_id")[0m
  [1m[35mSQL (0.1ms)[0m  INSERT INTO "schema_migrations" ("version") VALUES ($1)  [["version", "20141031032621"]]
  [1m[36m (0.3ms)[0m  [1mCOMMIT[0m
  [1m[35mActiveRecord::SchemaMigration Load (0.2ms)[0m  SELECT "schema_migrations".* FROM "schema_migrations"
  [1m[36m (0.1ms)[0m  [1mBEGIN[0m
  [1m[35mSQL (21.3ms)[0m  INSERT INTO "users" ("created_at", "password_digest", "updated_at", "username") VALUES ($1, $2, $3, $4) RETURNING "id"  [["created_at", Fri, 31 Oct 2014 03:54:23 UTC +00:00], ["password_digest", "lol"], ["updated_at", Fri, 31 Oct 2014 03:54:23 UTC +00:00], ["username", "imuzz"]]
  [1m[36m (0.4ms)[0m  [1mCOMMIT[0m
  [1m[35mUser Load (1.3ms)[0m  SELECT "users".* FROM "users" ORDER BY "users"."id" ASC LIMIT 1
  [1m[36m (2.5ms)[0m  [1mCREATE TABLE "schema_migrations" ("version" character varying(255) NOT NULL) [0m
  [1m[35m (1.6ms)[0m  CREATE UNIQUE INDEX "unique_schema_migrations" ON "schema_migrations" ("version")
  [1m[36mActiveRecord::SchemaMigration Load (0.3ms)[0m  [1mSELECT "schema_migrations".* FROM "schema_migrations"[0m
Migrating to CreateUsers (20141031031310)
  [1m[35m (0.1ms)[0m  BEGIN
  [1m[36m (4.3ms)[0m  [1mCREATE TABLE "users" ("id" serial primary key, "username" character varying(255), "password_digest" character varying(255), "created_at" timestamp, "updated_at" timestamp) [0m
  [1m[35mSQL (0.5ms)[0m  INSERT INTO "schema_migrations" ("version") VALUES ($1)  [["version", "20141031031310"]]
  [1m[36m (0.5ms)[0m  [1mCOMMIT[0m
Migrating to CreateUserLinks (20141031031723)
  [1m[35m (0.2ms)[0m  BEGIN
  [1m[36m (2.2ms)[0m  [1mCREATE TABLE "user_links" ("id" serial primary key, "user_id" integer, "link_id" integer, "created_at" timestamp, "updated_at" timestamp) [0m
  [1m[35mSQL (0.2ms)[0m  INSERT INTO "schema_migrations" ("version") VALUES ($1)  [["version", "20141031031723"]]
  [1m[36m (0.4ms)[0m  [1mCOMMIT[0m
Migrating to CreateLinks (20141031032214)
  [1m[35m (0.2ms)[0m  BEGIN
  [1m[36m (2.5ms)[0m  [1mCREATE TABLE "links" ("id" serial primary key, "url" character varying(255), "created_at" timestamp, "updated_at" timestamp) [0m
  [1m[35mSQL (0.2ms)[0m  INSERT INTO "schema_migrations" ("version") VALUES ($1)  [["version", "20141031032214"]]
  [1m[36m (0.5ms)[0m  [1mCOMMIT[0m
Migrating to CreateLinkTags (20141031032329)
  [1m[35m (0.2ms)[0m  BEGIN
  [1m[36m (2.0ms)[0m  [1mCREATE TABLE "link_tags" ("id" serial primary key, "link_id" integer, "tag_id" integer, "created_at" timestamp, "updated_at" timestamp) [0m
  [1m[35mSQL (0.1ms)[0m  INSERT INTO "schema_migrations" ("version") VALUES ($1)  [["version", "20141031032329"]]
  [1m[36m (0.3ms)[0m  [1mCOMMIT[0m
Migrating to CreateTags (20141031032419)
  [1m[35m (0.2ms)[0m  BEGIN
  [1m[36m (2.0ms)[0m  [1mCREATE TABLE "tags" ("id" serial primary key, "name" character varying(255), "created_at" timestamp, "updated_at" timestamp) [0m
  [1m[35mSQL (0.1ms)[0m  INSERT INTO "schema_migrations" ("version") VALUES ($1)  [["version", "20141031032419"]]
  [1m[36m (0.4ms)[0m  [1mCOMMIT[0m
Migrating to CreateRelationships (20141031032621)
  [1m[35m (0.2ms)[0m  BEGIN
  [1m[36m (2.5ms)[0m  [1mCREATE TABLE "relationships" ("id" serial primary key, "follower_id" integer, "followed_user_id" integer, "created_at" timestamp, "updated_at" timestamp) [0m
  [1m[35m (0.7ms)[0m  CREATE INDEX "index_relationships_on_follower_id" ON "relationships" ("follower_id")
  [1m[36m (0.7ms)[0m  [1mCREATE INDEX "index_relationships_on_followed_user_id" ON "relationships" ("followed_user_id")[0m
  [1m[35mSQL (0.2ms)[0m  INSERT INTO "schema_migrations" ("version") VALUES ($1)  [["version", "20141031032621"]]
  [1m[36m (0.3ms)[0m  [1mCOMMIT[0m
  [1m[35mActiveRecord::SchemaMigration Load (0.1ms)[0m  SELECT "schema_migrations".* FROM "schema_migrations"
  [1m[36m (0.1ms)[0m  [1mBEGIN[0m
  [1m[35mSQL (2.5ms)[0m  INSERT INTO "users" ("created_at", "password_digest", "updated_at", "username") VALUES ($1, $2, $3, $4) RETURNING "id"  [["created_at", Fri, 31 Oct 2014 03:56:35 UTC +00:00], ["password_digest", "test"], ["updated_at", Fri, 31 Oct 2014 03:56:35 UTC +00:00], ["username", "admin"]]
  [1m[36m (0.3ms)[0m  [1mCOMMIT[0m
  [1m[35mUser Load (0.9ms)[0m  SELECT "users".* FROM "users" ORDER BY "users"."id" ASC LIMIT 1
  [1m[36mLink Load (0.8ms)[0m  [1mSELECT "links".* FROM "links" INNER JOIN "user_links" ON "links"."id" = "user_links"."link_id" WHERE "user_links"."user_id" = $1[0m  [["user_id", 1]]
  [1m[35m (0.1ms)[0m  BEGIN
  [1m[36mSQL (0.8ms)[0m  [1mINSERT INTO "links" ("created_at", "updated_at") VALUES ($1, $2) RETURNING "id"[0m  [["created_at", Fri, 31 Oct 2014 03:57:25 UTC +00:00], ["updated_at", Fri, 31 Oct 2014 03:57:25 UTC +00:00]]
  [1m[35m (0.4ms)[0m  COMMIT
  [1m[36mLink Load (0.7ms)[0m  [1mSELECT "links".* FROM "links" ORDER BY "links"."id" ASC LIMIT 1[0m
  [1m[35mTag Load (0.8ms)[0m  SELECT "tags".* FROM "tags" INNER JOIN "link_tags" ON "tags"."id" = "link_tags"."tag_id" WHERE "link_tags"."link_id" = $1  [["link_id", 1]]
  [1m[36m (0.1ms)[0m  [1mBEGIN[0m
  [1m[35mSQL (0.7ms)[0m  INSERT INTO "tags" ("created_at", "name", "updated_at") VALUES ($1, $2, $3) RETURNING "id"  [["created_at", Fri, 31 Oct 2014 03:57:49 UTC +00:00], ["name", "foo"], ["updated_at", Fri, 31 Oct 2014 03:57:49 UTC +00:00]]
  [1m[36m (0.3ms)[0m  [1mCOMMIT[0m
  [1m[35mTag Load (0.7ms)[0m  SELECT "tags".* FROM "tags" ORDER BY "tags"."id" ASC LIMIT 1
  [1m[36mLink Load (0.7ms)[0m  [1mSELECT "links".* FROM "links" INNER JOIN "link_tags" ON "links"."id" = "link_tags"."link_id" WHERE "link_tags"."tag_id" = $1[0m  [["tag_id", 1]]
  [1m[35mRelationship Load (0.6ms)[0m  SELECT "relationships".* FROM "relationships" WHERE "relationships"."followed_user_id" = $1  [["followed_user_id", 1]]
  [1m[36mActiveRecord::SchemaMigration Load (0.6ms)[0m  [1mSELECT "schema_migrations".* FROM "schema_migrations"[0m
Migrating to CreateUsers (20141031031310)
  [1m[35m (0.1ms)[0m  BEGIN
  [1m[36m (2.5ms)[0m  [1mCREATE TABLE "users" ("id" serial primary key, "username" character varying(255), "password_digest" character varying(255), "created_at" timestamp, "updated_at" timestamp) [0m
PG::DuplicateTable: ERROR:  relation "users" already exists
: CREATE TABLE "users" ("id" serial primary key, "username" character varying(255), "password_digest" character varying(255), "created_at" timestamp, "updated_at" timestamp) 
  [1m[35m (0.1ms)[0m  ROLLBACK
  [1m[36m (2.4ms)[0m  [1mCREATE TABLE "schema_migrations" ("version" character varying(255) NOT NULL) [0m
  [1m[35m (1.4ms)[0m  CREATE UNIQUE INDEX "unique_schema_migrations" ON "schema_migrations" ("version")
  [1m[36mActiveRecord::SchemaMigration Load (0.3ms)[0m  [1mSELECT "schema_migrations".* FROM "schema_migrations"[0m
Migrating to CreateUsers (20141031031310)
  [1m[35m (0.1ms)[0m  BEGIN
  [1m[36m (3.8ms)[0m  [1mCREATE TABLE "users" ("id" serial primary key, "username" character varying(255), "password_digest" character varying(255), "created_at" timestamp, "updated_at" timestamp) [0m
  [1m[35mSQL (1.1ms)[0m  INSERT INTO "schema_migrations" ("version") VALUES ($1)  [["version", "20141031031310"]]
  [1m[36m (0.9ms)[0m  [1mCOMMIT[0m
Migrating to CreateUserLinks (20141031031723)
  [1m[35m (0.2ms)[0m  BEGIN
  [1m[36m (2.1ms)[0m  [1mCREATE TABLE "user_links" ("id" serial primary key, "user_id" integer, "link_id" integer, "created_at" timestamp, "updated_at" timestamp) [0m
  [1m[35mSQL (0.3ms)[0m  INSERT INTO "schema_migrations" ("version") VALUES ($1)  [["version", "20141031031723"]]
  [1m[36m (0.5ms)[0m  [1mCOMMIT[0m
Migrating to CreateLinks (20141031032214)
  [1m[35m (0.2ms)[0m  BEGIN
  [1m[36m (2.2ms)[0m  [1mCREATE TABLE "links" ("id" serial primary key, "url" character varying(255), "created_at" timestamp, "updated_at" timestamp) [0m
  [1m[35mSQL (0.2ms)[0m  INSERT INTO "schema_migrations" ("version") VALUES ($1)  [["version", "20141031032214"]]
  [1m[36m (0.5ms)[0m  [1mCOMMIT[0m
Migrating to CreateLinkTags (20141031032329)
  [1m[35m (0.2ms)[0m  BEGIN
  [1m[36m (2.5ms)[0m  [1mCREATE TABLE "link_tags" ("id" serial primary key, "link_id" integer, "tag_id" integer, "created_at" timestamp, "updated_at" timestamp) [0m
  [1m[35mSQL (0.2ms)[0m  INSERT INTO "schema_migrations" ("version") VALUES ($1)  [["version", "20141031032329"]]
  [1m[36m (0.5ms)[0m  [1mCOMMIT[0m
Migrating to CreateTags (20141031032419)
  [1m[35m (0.2ms)[0m  BEGIN
  [1m[36m (2.0ms)[0m  [1mCREATE TABLE "tags" ("id" serial primary key, "name" character varying(255), "created_at" timestamp, "updated_at" timestamp) [0m
  [1m[35mSQL (0.2ms)[0m  INSERT INTO "schema_migrations" ("version") VALUES ($1)  [["version", "20141031032419"]]
  [1m[36m (0.5ms)[0m  [1mCOMMIT[0m
Migrating to CreateRelationships (20141031032621)
  [1m[35m (0.2ms)[0m  BEGIN
  [1m[36m (1.9ms)[0m  [1mCREATE TABLE "relationships" ("id" serial primary key, "follower_id" integer, "followed_user_id" integer, "created_at" timestamp, "updated_at" timestamp) [0m
  [1m[35m (1.4ms)[0m  CREATE INDEX "index_relationships_on_follower_id" ON "relationships" ("follower_id")
  [1m[36m (1.1ms)[0m  [1mCREATE INDEX "index_relationships_on_followed_user_id" ON "relationships" ("followed_user_id")[0m
  [1m[35mSQL (0.2ms)[0m  INSERT INTO "schema_migrations" ("version") VALUES ($1)  [["version", "20141031032621"]]
  [1m[36m (0.5ms)[0m  [1mCOMMIT[0m
  [1m[35mActiveRecord::SchemaMigration Load (0.2ms)[0m  SELECT "schema_migrations".* FROM "schema_migrations"
  [1m[36mActiveRecord::SchemaMigration Load (0.4ms)[0m  [1mSELECT "schema_migrations".* FROM "schema_migrations"[0m
  [1m[35mActiveRecord::SchemaMigration Load (0.2ms)[0m  SELECT "schema_migrations".* FROM "schema_migrations"
  [1m[36m (2.9ms)[0m  [1mCREATE TABLE "schema_migrations" ("version" character varying(255) NOT NULL) [0m
  [1m[35m (1.5ms)[0m  CREATE UNIQUE INDEX "unique_schema_migrations" ON "schema_migrations" ("version")
  [1m[36mActiveRecord::SchemaMigration Load (0.3ms)[0m  [1mSELECT "schema_migrations".* FROM "schema_migrations"[0m
Migrating to CreateUsers (20141031031310)
  [1m[35m (0.1ms)[0m  BEGIN
  [1m[36m (5.3ms)[0m  [1mCREATE TABLE "users" ("id" serial primary key, "username" character varying(255), "password_digest" character varying(255), "created_at" timestamp, "updated_at" timestamp) [0m
  [1m[35mSQL (0.6ms)[0m  INSERT INTO "schema_migrations" ("version") VALUES ($1)  [["version", "20141031031310"]]
  [1m[36m (0.5ms)[0m  [1mCOMMIT[0m
Migrating to CreateUserLinks (20141031031723)
  [1m[35m (0.3ms)[0m  BEGIN
  [1m[36m (2.1ms)[0m  [1mCREATE TABLE "user_links" ("id" serial primary key, "user_id" integer, "link_id" integer, "created_at" timestamp, "updated_at" timestamp) [0m
  [1m[35mSQL (0.2ms)[0m  INSERT INTO "schema_migrations" ("version") VALUES ($1)  [["version", "20141031031723"]]
  [1m[36m (0.4ms)[0m  [1mCOMMIT[0m
Migrating to CreateLinks (20141031032214)
  [1m[35m (0.2ms)[0m  BEGIN
  [1m[36m (2.5ms)[0m  [1mCREATE TABLE "links" ("id" serial primary key, "url" character varying(255), "created_at" timestamp, "updated_at" timestamp) [0m
  [1m[35mSQL (0.2ms)[0m  INSERT INTO "schema_migrations" ("version") VALUES ($1)  [["version", "20141031032214"]]
  [1m[36m (0.4ms)[0m  [1mCOMMIT[0m
Migrating to CreateLinkTags (20141031032329)
  [1m[35m (0.2ms)[0m  BEGIN
  [1m[36m (2.4ms)[0m  [1mCREATE TABLE "link_tags" ("id" serial primary key, "link_id" integer, "tag_id" integer, "created_at" timestamp, "updated_at" timestamp) [0m
  [1m[35mSQL (0.2ms)[0m  INSERT INTO "schema_migrations" ("version") VALUES ($1)  [["version", "20141031032329"]]
  [1m[36m (0.4ms)[0m  [1mCOMMIT[0m
Migrating to CreateTags (20141031032419)
  [1m[35m (0.4ms)[0m  BEGIN
  [1m[36m (2.8ms)[0m  [1mCREATE TABLE "tags" ("id" serial primary key, "name" character varying(255), "created_at" timestamp, "updated_at" timestamp) [0m
  [1m[35mSQL (0.2ms)[0m  INSERT INTO "schema_migrations" ("version") VALUES ($1)  [["version", "20141031032419"]]
  [1m[36m (0.3ms)[0m  [1mCOMMIT[0m
Migrating to CreateRelationships (20141031032621)
  [1m[35m (0.2ms)[0m  BEGIN
  [1m[36m (2.1ms)[0m  [1mCREATE TABLE "relationships" ("id" serial primary key, "follower_id" integer, "followed_user_id" integer, "created_at" timestamp, "updated_at" timestamp) [0m
  [1m[35m (0.6ms)[0m  CREATE INDEX "index_relationships_on_follower_id" ON "relationships" ("follower_id")
  [1m[36m (0.6ms)[0m  [1mCREATE INDEX "index_relationships_on_followed_user_id" ON "relationships" ("followed_user_id")[0m
  [1m[35mSQL (0.1ms)[0m  INSERT INTO "schema_migrations" ("version") VALUES ($1)  [["version", "20141031032621"]]
  [1m[36m (0.3ms)[0m  [1mCOMMIT[0m
  [1m[35mActiveRecord::SchemaMigration Load (0.2ms)[0m  SELECT "schema_migrations".* FROM "schema_migrations"
  [1m[36mActiveRecord::SchemaMigration Load (0.3ms)[0m  [1mSELECT "schema_migrations".* FROM "schema_migrations"[0m


Started GET "/" for 127.0.0.1 at 2014-10-31 11:45:13 -0400
  [1m[36mActiveRecord::SchemaMigration Load (0.3ms)[0m  [1mSELECT "schema_migrations".* FROM "schema_migrations"[0m
Processing by SessionsController#new as HTML
  Rendered sessions/new.html.erb within layouts/application (21.6ms)
Completed 500 Internal Server Error in 43ms

ActionView::Template::Error (undefined local variable or method `signup_path' for #<#<Class:0x007f8615dd15d8>:0x007f8615dda4d0>):
     9:   <%= f.submit "Log in", class: "btn btn-primary" %>
    10: <% end %>
    11: 
    12: <p>New user? <%= link_to "Sign up now!", signup_path %></p>
  app/views/sessions/new.html.erb:12:in `_app_views_sessions_new_html_erb__4512981910778953501_70106934727580'


  Rendered /Users/iMuzz/.rvm/gems/ruby-2.0.0-p481/gems/actionpack-4.0.3/lib/action_dispatch/middleware/templates/rescues/_trace.erb (0.9ms)
  Rendered /Users/iMuzz/.rvm/gems/ruby-2.0.0-p481/gems/actionpack-4.0.3/lib/action_dispatch/middleware/templates/rescues/_request_and_response.erb (0.7ms)
  Rendered /Users/iMuzz/.rvm/gems/ruby-2.0.0-p481/gems/actionpack-4.0.3/lib/action_dispatch/middleware/templates/rescues/template_error.erb within rescues/layout (10.0ms)


Started GET "/" for 127.0.0.1 at 2014-10-31 11:45:29 -0400
Processing by SessionsController#new as HTML
  Rendered sessions/new.html.erb within layouts/application (1.5ms)
Completed 200 OK in 739ms (Views: 738.7ms | ActiveRecord: 0.0ms)


Started GET "/assets/application.css?body=1" for 127.0.0.1 at 2014-10-31 11:45:30 -0400


Started GET "/assets/links.css?body=1" for 127.0.0.1 at 2014-10-31 11:45:30 -0400


Started GET "/assets/sessions.css?body=1" for 127.0.0.1 at 2014-10-31 11:45:30 -0400


Started GET "/assets/user.css?body=1" for 127.0.0.1 at 2014-10-31 11:45:30 -0400


Started GET "/assets/users.css?body=1" for 127.0.0.1 at 2014-10-31 11:45:30 -0400


Started GET "/assets/jquery.js?body=1" for 127.0.0.1 at 2014-10-31 11:45:30 -0400


Started GET "/assets/jquery_ujs.js?body=1" for 127.0.0.1 at 2014-10-31 11:45:30 -0400


Started GET "/assets/turbolinks.js?body=1" for 127.0.0.1 at 2014-10-31 11:45:30 -0400


Started GET "/assets/links.js?body=1" for 127.0.0.1 at 2014-10-31 11:45:30 -0400


Started GET "/assets/sessions.js?body=1" for 127.0.0.1 at 2014-10-31 11:45:30 -0400


Started GET "/assets/user.js?body=1" for 127.0.0.1 at 2014-10-31 11:45:30 -0400


Started GET "/assets/application.js?body=1" for 127.0.0.1 at 2014-10-31 11:45:30 -0400


Started GET "/assets/users.js?body=1" for 127.0.0.1 at 2014-10-31 11:45:30 -0400


Started POST "/login" for 127.0.0.1 at 2014-10-31 11:50:02 -0400
Processing by SessionsController#create as HTML
  Parameters: {"utf8"=>"✓", "authenticity_token"=>"C1V+xpftLVPpl+sA2zDdmwfzSSUaY3oQmCuVxz5pPs0=", "session"=>{"email"=>"admin", "password"=>"[FILTERED]"}, "commit"=>"Log in"}
Completed 500 Internal Server Error in 7ms

Gem::LoadError (bcrypt-ruby is not part of the bundle. Add it to Gemfile.):
  app/models/user.rb:10:in `<class:User>'
  app/models/user.rb:1:in `<top (required)>'
  app/controllers/sessions_controller.rb:7:in `create'


  Rendered /Users/iMuzz/.rvm/gems/ruby-2.0.0-p481/gems/actionpack-4.0.3/lib/action_dispatch/middleware/templates/rescues/_source.erb (0.4ms)
  Rendered /Users/iMuzz/.rvm/gems/ruby-2.0.0-p481/gems/actionpack-4.0.3/lib/action_dispatch/middleware/templates/rescues/_trace.erb (0.7ms)
  Rendered /Users/iMuzz/.rvm/gems/ruby-2.0.0-p481/gems/actionpack-4.0.3/lib/action_dispatch/middleware/templates/rescues/_request_and_response.erb (0.6ms)
  Rendered /Users/iMuzz/.rvm/gems/ruby-2.0.0-p481/gems/actionpack-4.0.3/lib/action_dispatch/middleware/templates/rescues/diagnostics.erb within rescues/layout (10.0ms)


Started POST "/login" for 127.0.0.1 at 2014-10-31 11:50:42 -0400
Processing by SessionsController#create as HTML
  Parameters: {"utf8"=>"✓", "authenticity_token"=>"C1V+xpftLVPpl+sA2zDdmwfzSSUaY3oQmCuVxz5pPs0=", "session"=>{"email"=>"admin", "password"=>"[FILTERED]"}, "commit"=>"Log in"}
Completed 500 Internal Server Error in 5ms

Gem::LoadError (bcrypt-ruby is not part of the bundle. Add it to Gemfile.):
  app/models/user.rb:10:in `<class:User>'
  app/models/user.rb:1:in `<top (required)>'
  app/controllers/sessions_controller.rb:7:in `create'


  Rendered /Users/iMuzz/.rvm/gems/ruby-2.0.0-p481/gems/actionpack-4.0.3/lib/action_dispatch/middleware/templates/rescues/_source.erb (0.5ms)
  Rendered /Users/iMuzz/.rvm/gems/ruby-2.0.0-p481/gems/actionpack-4.0.3/lib/action_dispatch/middleware/templates/rescues/_trace.erb (0.7ms)
  Rendered /Users/iMuzz/.rvm/gems/ruby-2.0.0-p481/gems/actionpack-4.0.3/lib/action_dispatch/middleware/templates/rescues/_request_and_response.erb (0.8ms)
  Rendered /Users/iMuzz/.rvm/gems/ruby-2.0.0-p481/gems/actionpack-4.0.3/lib/action_dispatch/middleware/templates/rescues/diagnostics.erb within rescues/layout (10.4ms)
  [1m[36m (0.1ms)[0m  [1mBEGIN[0m
  [1m[35m (0.1ms)[0m  ROLLBACK
  [1m[36mUser Load (0.9ms)[0m  [1mSELECT "users".* FROM "users"[0m


Started GET "/" for 127.0.0.1 at 2014-10-31 12:16:55 -0400
  [1m[36mActiveRecord::SchemaMigration Load (0.4ms)[0m  [1mSELECT "schema_migrations".* FROM "schema_migrations"[0m
Processing by SessionsController#new as HTML
  Rendered sessions/new.html.erb within layouts/application (36.8ms)
Completed 500 Internal Server Error in 59ms

ActionView::Template::Error (couldn't find file 'turbolinks'
  (in /Users/iMuzz/Documents/Dev Boot Camp/phase-3/week-1/LynxShare/app/assets/javascripts/application.js:15)):
    3: <head>
    4:   <title>LynxShare</title>
    5:   <%= stylesheet_link_tag    "application", media: "all", "data-turbolinks-track" => true %>
    6:   <%= javascript_include_tag "application", "data-turbolinks-track" => true %>
    7:   <%= csrf_meta_tags %>
    8: </head>
    9: <body>
  app/views/layouts/application.html.erb:6:in `_app_views_layouts_application_html_erb___248728955168533295_70239039044040'


  Rendered /Users/iMuzz/.rvm/gems/ruby-2.0.0-p481/gems/actionpack-4.0.3/lib/action_dispatch/middleware/templates/rescues/_trace.erb (1.0ms)
  Rendered /Users/iMuzz/.rvm/gems/ruby-2.0.0-p481/gems/actionpack-4.0.3/lib/action_dispatch/middleware/templates/rescues/_request_and_response.erb (0.7ms)
  Rendered /Users/iMuzz/.rvm/gems/ruby-2.0.0-p481/gems/actionpack-4.0.3/lib/action_dispatch/middleware/templates/rescues/template_error.erb within rescues/layout (8.9ms)


Started GET "/" for 127.0.0.1 at 2014-10-31 12:17:42 -0400
Processing by SessionsController#new as HTML
  Rendered sessions/new.html.erb within layouts/application (0.8ms)
Completed 200 OK in 2ms (Views: 2.3ms | ActiveRecord: 0.0ms)


Started POST "/login" for 127.0.0.1 at 2014-10-31 12:17:46 -0400
Processing by SessionsController#create as HTML
  Parameters: {"utf8"=>"✓", "authenticity_token"=>"C1V+xpftLVPpl+sA2zDdmwfzSSUaY3oQmCuVxz5pPs0=", "session"=>{"email"=>"admin", "password"=>"[FILTERED]"}, "commit"=>"Log in"}
  [1m[35mUser Load (0.4ms)[0m  SELECT "users".* FROM "users" WHERE "users"."email" = 'admin' LIMIT 1
PG::UndefinedColumn: ERROR:  column users.email does not exist
LINE 1: SELECT  "users".* FROM "users"  WHERE "users"."email" = 'adm...
                                              ^
: SELECT  "users".* FROM "users"  WHERE "users"."email" = 'admin' LIMIT 1
Completed 500 Internal Server Error in 43ms

ActiveRecord::StatementInvalid (PG::UndefinedColumn: ERROR:  column users.email does not exist
LINE 1: SELECT  "users".* FROM "users"  WHERE "users"."email" = 'adm...
                                              ^
: SELECT  "users".* FROM "users"  WHERE "users"."email" = 'admin' LIMIT 1):
  app/controllers/sessions_controller.rb:7:in `create'


  Rendered /Users/iMuzz/.rvm/gems/ruby-2.0.0-p481/gems/actionpack-4.0.3/lib/action_dispatch/middleware/templates/rescues/_source.erb (0.5ms)
  Rendered /Users/iMuzz/.rvm/gems/ruby-2.0.0-p481/gems/actionpack-4.0.3/lib/action_dispatch/middleware/templates/rescues/_trace.erb (1.2ms)
  Rendered /Users/iMuzz/.rvm/gems/ruby-2.0.0-p481/gems/actionpack-4.0.3/lib/action_dispatch/middleware/templates/rescues/_request_and_response.erb (0.7ms)
  Rendered /Users/iMuzz/.rvm/gems/ruby-2.0.0-p481/gems/actionpack-4.0.3/lib/action_dispatch/middleware/templates/rescues/diagnostics.erb within rescues/layout (11.7ms)


Started GET "/" for 127.0.0.1 at 2014-10-31 14:13:55 -0400
Processing by SessionsController#new as HTML
  Rendered sessions/new.html.erb within layouts/application (1.3ms)
Completed 200 OK in 3ms (Views: 2.6ms | ActiveRecord: 0.0ms)


Started POST "/login" for 127.0.0.1 at 2014-10-31 14:14:00 -0400
Processing by SessionsController#create as HTML
  Parameters: {"utf8"=>"✓", "authenticity_token"=>"C1V+xpftLVPpl+sA2zDdmwfzSSUaY3oQmCuVxz5pPs0=", "session"=>{"username"=>"admin", "password"=>"[FILTERED]"}, "commit"=>"Log in"}
  [1m[36mUser Load (1.0ms)[0m  [1mSELECT "users".* FROM "users" WHERE "users"."username" = 'admin' LIMIT 1[0m
  Rendered sessions/new.html.erb within layouts/application (1.0ms)
Completed 200 OK in 12ms (Views: 2.4ms | ActiveRecord: 2.2ms)


Started POST "/login" for 127.0.0.1 at 2014-10-31 14:14:25 -0400
Processing by SessionsController#create as HTML
  Parameters: {"utf8"=>"✓", "authenticity_token"=>"C1V+xpftLVPpl+sA2zDdmwfzSSUaY3oQmCuVxz5pPs0=", "session"=>{"username"=>"admin", "password"=>"[FILTERED]"}, "commit"=>"Log in"}
  [1m[35mUser Load (0.2ms)[0m  SELECT "users".* FROM "users" WHERE "users"."username" = 'admin' LIMIT 1
Completed 500 Internal Server Error in 9ms

NoMethodError (undefined method `pry' for #<Binding:0x007fc39f002890>):
  app/controllers/sessions_controller.rb:8:in `create'


  Rendered /Users/iMuzz/.rvm/gems/ruby-2.0.0-p481/gems/actionpack-4.0.3/lib/action_dispatch/middleware/templates/rescues/_source.erb (0.4ms)
  Rendered /Users/iMuzz/.rvm/gems/ruby-2.0.0-p481/gems/actionpack-4.0.3/lib/action_dispatch/middleware/templates/rescues/_trace.erb (0.7ms)
  Rendered /Users/iMuzz/.rvm/gems/ruby-2.0.0-p481/gems/actionpack-4.0.3/lib/action_dispatch/middleware/templates/rescues/_request_and_response.erb (0.7ms)
  Rendered /Users/iMuzz/.rvm/gems/ruby-2.0.0-p481/gems/actionpack-4.0.3/lib/action_dispatch/middleware/templates/rescues/diagnostics.erb within rescues/layout (9.3ms)


Started POST "/login" for 127.0.0.1 at 2014-10-31 14:15:10 -0400
  [1m[36mActiveRecord::SchemaMigration Load (0.3ms)[0m  [1mSELECT "schema_migrations".* FROM "schema_migrations"[0m
Processing by SessionsController#create as HTML
  Parameters: {"utf8"=>"✓", "authenticity_token"=>"C1V+xpftLVPpl+sA2zDdmwfzSSUaY3oQmCuVxz5pPs0=", "session"=>{"username"=>"admin", "password"=>"[FILTERED]"}, "commit"=>"Log in"}
  [1m[35mUser Load (0.6ms)[0m  SELECT "users".* FROM "users" WHERE "users"."username" = 'admin' LIMIT 1
  Rendered sessions/new.html.erb within layouts/application (7.7ms)
Completed 200 OK in 12118ms (Views: 14.3ms | ActiveRecord: 1.8ms)


Started GET "/login" for 127.0.0.1 at 2014-10-31 14:17:57 -0400
Processing by SessionsController#new as HTML
  Rendered sessions/new.html.erb within layouts/application (1.4ms)
Completed 200 OK in 3ms (Views: 2.9ms | ActiveRecord: 0.0ms)


Started GET "/login" for 127.0.0.1 at 2014-10-31 14:20:47 -0400
Processing by SessionsController#new as HTML
  Rendered sessions/new.html.erb within layouts/application (1.0ms)
Completed 200 OK in 3ms (Views: 2.4ms | ActiveRecord: 0.0ms)


Started GET "/signup" for 127.0.0.1 at 2014-10-31 14:20:49 -0400
Processing by UsersController#new as HTML
  Rendered users/new.html.erb within layouts/application (6.8ms)
Completed 500 Internal Server Error in 19ms

ActionView::Template::Error (undefined method `name' for #<User:0x007fcde3f66298>):
    1: <h1>Register</h1>
    2: 	<%= form_for(@user) do |form|%>
    3: 		<%= form.label :name %>
    4: 		<%= form.text_field :name %>
    5: 
    6: 		<%= form.label :username %>
    7: 		<%= form.text_field :username %>
  app/views/users/new.html.erb:4:in `block in _app_views_users_new_html_erb___1515021872195918771_70261134848720'
  app/views/users/new.html.erb:2:in `_app_views_users_new_html_erb___1515021872195918771_70261134848720'


  Rendered /Users/iMuzz/.rvm/gems/ruby-2.0.0-p481/gems/actionpack-4.0.3/lib/action_dispatch/middleware/templates/rescues/_trace.erb (2.3ms)
  Rendered /Users/iMuzz/.rvm/gems/ruby-2.0.0-p481/gems/actionpack-4.0.3/lib/action_dispatch/middleware/templates/rescues/_request_and_response.erb (0.9ms)
  Rendered /Users/iMuzz/.rvm/gems/ruby-2.0.0-p481/gems/actionpack-4.0.3/lib/action_dispatch/middleware/templates/rescues/template_error.erb within rescues/layout (11.0ms)


Started GET "/signup" for 127.0.0.1 at 2014-10-31 14:21:05 -0400
Processing by UsersController#new as HTML
  Rendered users/new.html.erb within layouts/application (2.1ms)
Completed 200 OK in 4ms (Views: 3.4ms | ActiveRecord: 0.0ms)


Started GET "/signup" for 127.0.0.1 at 2014-10-31 14:21:30 -0400
Processing by UsersController#new as HTML
  Rendered users/new.html.erb within layouts/application (3.0ms)
Completed 200 OK in 5ms (Views: 4.5ms | ActiveRecord: 0.0ms)


Started GET "/signup" for 127.0.0.1 at 2014-10-31 14:21:53 -0400
Processing by UsersController#new as HTML
  Rendered users/new.html.erb within layouts/application (3.0ms)
Completed 200 OK in 5ms (Views: 4.4ms | ActiveRecord: 0.0ms)


Started GET "/signup" for 127.0.0.1 at 2014-10-31 14:26:55 -0400
Processing by UsersController#new as HTML
  Rendered users/new.html.erb within layouts/application (4.4ms)
Completed 200 OK in 15ms (Views: 5.9ms | ActiveRecord: 1.8ms)


Started POST "/users" for 127.0.0.1 at 2014-10-31 14:27:04 -0400
Processing by UsersController#create as HTML
  Parameters: {"utf8"=>"✓", "authenticity_token"=>"C1V+xpftLVPpl+sA2zDdmwfzSSUaY3oQmCuVxz5pPs0=", "user"=>{"username"=>"admin", "password"=>"[FILTERED]", "password_confirmation"=>"[FILTERED]"}, "commit"=>"Create Account"}
  [1m[36m (0.2ms)[0m  [1mBEGIN[0m
  [1m[35mSQL (36.7ms)[0m  INSERT INTO "users" ("created_at", "password_digest", "updated_at", "username") VALUES ($1, $2, $3, $4) RETURNING "id"  [["created_at", Fri, 31 Oct 2014 18:27:04 UTC +00:00], ["password_digest", "$2a$10$CLwflj5V2QUVFImjCBOve.T0eAOj0Utbic5nJOtutpu396kzE5Lna"], ["updated_at", Fri, 31 Oct 2014 18:27:04 UTC +00:00], ["username", "admin"]]
  [1m[36m (0.4ms)[0m  [1mCOMMIT[0m
Completed 500 Internal Server Error in 112ms

NoMethodError (undefined method `log_in' for #<UsersController:0x007fcde5cbdfa8>):
  app/controllers/users_controller.rb:13:in `create'


  Rendered /Users/iMuzz/.rvm/gems/ruby-2.0.0-p481/gems/actionpack-4.0.3/lib/action_dispatch/middleware/templates/rescues/_source.erb (0.5ms)
  Rendered /Users/iMuzz/.rvm/gems/ruby-2.0.0-p481/gems/actionpack-4.0.3/lib/action_dispatch/middleware/templates/rescues/_trace.erb (0.8ms)
  Rendered /Users/iMuzz/.rvm/gems/ruby-2.0.0-p481/gems/actionpack-4.0.3/lib/action_dispatch/middleware/templates/rescues/_request_and_response.erb (1.3ms)
  Rendered /Users/iMuzz/.rvm/gems/ruby-2.0.0-p481/gems/actionpack-4.0.3/lib/action_dispatch/middleware/templates/rescues/diagnostics.erb within rescues/layout (12.7ms)


Started GET "/signup" for 127.0.0.1 at 2014-10-31 14:28:35 -0400
Processing by UsersController#new as HTML
  Rendered users/new.html.erb within layouts/application (4.3ms)
Completed 200 OK in 15ms (Views: 5.7ms | ActiveRecord: 1.8ms)


Started POST "/users" for 127.0.0.1 at 2014-10-31 14:28:41 -0400
Processing by UsersController#create as HTML
  Parameters: {"utf8"=>"✓", "authenticity_token"=>"C1V+xpftLVPpl+sA2zDdmwfzSSUaY3oQmCuVxz5pPs0=", "user"=>{"username"=>"admin", "password"=>"[FILTERED]", "password_confirmation"=>"[FILTERED]"}, "commit"=>"Create Account"}
  [1m[35m (0.2ms)[0m  BEGIN
  [1m[36mSQL (0.5ms)[0m  [1mINSERT INTO "users" ("created_at", "password_digest", "updated_at", "username") VALUES ($1, $2, $3, $4) RETURNING "id"[0m  [["created_at", Fri, 31 Oct 2014 18:28:41 UTC +00:00], ["password_digest", "$2a$10$Tp5UEE9d6eP95guNyV8tlubQk7webukVswR8e53EXfjFcLtGQu5uq"], ["updated_at", Fri, 31 Oct 2014 18:28:41 UTC +00:00], ["username", "admin"]]
  [1m[35m (0.8ms)[0m  COMMIT
Completed 500 Internal Server Error in 69ms

NameError (undefined local variable or method `current_user' for #<UsersController:0x007fcde5d60898>):
  app/controllers/users_controller.rb:15:in `create'


  Rendered /Users/iMuzz/.rvm/gems/ruby-2.0.0-p481/gems/actionpack-4.0.3/lib/action_dispatch/middleware/templates/rescues/_source.erb (0.6ms)
  Rendered /Users/iMuzz/.rvm/gems/ruby-2.0.0-p481/gems/actionpack-4.0.3/lib/action_dispatch/middleware/templates/rescues/_trace.erb (0.8ms)
  Rendered /Users/iMuzz/.rvm/gems/ruby-2.0.0-p481/gems/actionpack-4.0.3/lib/action_dispatch/middleware/templates/rescues/_request_and_response.erb (0.9ms)
  Rendered /Users/iMuzz/.rvm/gems/ruby-2.0.0-p481/gems/actionpack-4.0.3/lib/action_dispatch/middleware/templates/rescues/diagnostics.erb within rescues/layout (41.3ms)


Started POST "/users" for 127.0.0.1 at 2014-10-31 14:29:23 -0400
Processing by UsersController#create as HTML
  Parameters: {"utf8"=>"✓", "authenticity_token"=>"C1V+xpftLVPpl+sA2zDdmwfzSSUaY3oQmCuVxz5pPs0=", "user"=>{"username"=>"admin", "password"=>"[FILTERED]", "password_confirmation"=>"[FILTERED]"}, "commit"=>"Create Account"}
  [1m[36m (0.2ms)[0m  [1mBEGIN[0m
  [1m[35mSQL (0.4ms)[0m  INSERT INTO "users" ("created_at", "password_digest", "updated_at", "username") VALUES ($1, $2, $3, $4) RETURNING "id"  [["created_at", Fri, 31 Oct 2014 18:29:23 UTC +00:00], ["password_digest", "$2a$10$zxdGUT2km2p6KpXvbnLJE.0dGUc.t9Cy0PQTTzObhJIiDHhGgbZK2"], ["updated_at", Fri, 31 Oct 2014 18:29:23 UTC +00:00], ["username", "admin"]]
  [1m[36m (0.8ms)[0m  [1mCOMMIT[0m
  [1m[35mUser Load (0.4ms)[0m  SELECT "users".* FROM "users" WHERE "users"."id" = 3 LIMIT 1
Redirected to http://localhost:3000/users/3
Completed 302 Found in 82ms (ActiveRecord: 3.6ms)


Started GET "/users/3" for 127.0.0.1 at 2014-10-31 14:29:23 -0400

AbstractController::ActionNotFound (The action 'show' could not be found for UsersController):
  actionpack (4.0.3) lib/abstract_controller/base.rb:131:in `process'
  actionpack (4.0.3) lib/abstract_controller/rendering.rb:44:in `process'
  actionpack (4.0.3) lib/action_controller/metal.rb:195:in `dispatch'
  actionpack (4.0.3) lib/action_controller/metal/rack_delegation.rb:13:in `dispatch'
  actionpack (4.0.3) lib/action_controller/metal.rb:231:in `block in action'
  actionpack (4.0.3) lib/action_dispatch/routing/route_set.rb:80:in `call'
  actionpack (4.0.3) lib/action_dispatch/routing/route_set.rb:80:in `dispatch'
  actionpack (4.0.3) lib/action_dispatch/routing/route_set.rb:48:in `call'
  actionpack (4.0.3) lib/action_dispatch/journey/router.rb:71:in `block in call'
  actionpack (4.0.3) lib/action_dispatch/journey/router.rb:59:in `each'
  actionpack (4.0.3) lib/action_dispatch/journey/router.rb:59:in `call'
  actionpack (4.0.3) lib/action_dispatch/routing/route_set.rb:680:in `call'
  rack (1.5.2) lib/rack/etag.rb:23:in `call'
  rack (1.5.2) lib/rack/conditionalget.rb:25:in `call'
  rack (1.5.2) lib/rack/head.rb:11:in `call'
  actionpack (4.0.3) lib/action_dispatch/middleware/params_parser.rb:27:in `call'
  actionpack (4.0.3) lib/action_dispatch/middleware/flash.rb:241:in `call'
  rack (1.5.2) lib/rack/session/abstract/id.rb:225:in `context'
  rack (1.5.2) lib/rack/session/abstract/id.rb:220:in `call'
  actionpack (4.0.3) lib/action_dispatch/middleware/cookies.rb:486:in `call'
  activerecord (4.0.3) lib/active_record/query_cache.rb:36:in `call'
  activerecord (4.0.3) lib/active_record/connection_adapters/abstract/connection_pool.rb:626:in `call'
  activerecord (4.0.3) lib/active_record/migration.rb:369:in `call'
  actionpack (4.0.3) lib/action_dispatch/middleware/callbacks.rb:29:in `block in call'
  activesupport (4.0.3) lib/active_support/callbacks.rb:373:in `_run__2895126854955478058__call__callbacks'
  activesupport (4.0.3) lib/active_support/callbacks.rb:80:in `run_callbacks'
  actionpack (4.0.3) lib/action_dispatch/middleware/callbacks.rb:27:in `call'
  actionpack (4.0.3) lib/action_dispatch/middleware/reloader.rb:64:in `call'
  actionpack (4.0.3) lib/action_dispatch/middleware/remote_ip.rb:76:in `call'
  actionpack (4.0.3) lib/action_dispatch/middleware/debug_exceptions.rb:17:in `call'
  actionpack (4.0.3) lib/action_dispatch/middleware/show_exceptions.rb:30:in `call'
  railties (4.0.3) lib/rails/rack/logger.rb:38:in `call_app'
  railties (4.0.3) lib/rails/rack/logger.rb:20:in `block in call'
  activesupport (4.0.3) lib/active_support/tagged_logging.rb:67:in `block in tagged'
  activesupport (4.0.3) lib/active_support/tagged_logging.rb:25:in `tagged'
  activesupport (4.0.3) lib/active_support/tagged_logging.rb:67:in `tagged'
  railties (4.0.3) lib/rails/rack/logger.rb:20:in `call'
  actionpack (4.0.3) lib/action_dispatch/middleware/request_id.rb:21:in `call'
  rack (1.5.2) lib/rack/methodoverride.rb:21:in `call'
  rack (1.5.2) lib/rack/runtime.rb:17:in `call'
  activesupport (4.0.3) lib/active_support/cache/strategy/local_cache.rb:83:in `call'
  rack (1.5.2) lib/rack/lock.rb:17:in `call'
  actionpack (4.0.3) lib/action_dispatch/middleware/static.rb:64:in `call'
  rack (1.5.2) lib/rack/sendfile.rb:112:in `call'
  railties (4.0.3) lib/rails/engine.rb:511:in `call'
  railties (4.0.3) lib/rails/application.rb:97:in `call'
  rack (1.5.2) lib/rack/lock.rb:17:in `call'
  rack (1.5.2) lib/rack/content_length.rb:14:in `call'
  rack (1.5.2) lib/rack/handler/webrick.rb:60:in `service'
  /Users/iMuzz/.rvm/rubies/ruby-2.0.0-p481/lib/ruby/2.0.0/webrick/httpserver.rb:138:in `service'
  /Users/iMuzz/.rvm/rubies/ruby-2.0.0-p481/lib/ruby/2.0.0/webrick/httpserver.rb:94:in `run'
  /Users/iMuzz/.rvm/rubies/ruby-2.0.0-p481/lib/ruby/2.0.0/webrick/server.rb:295:in `block in start_thread'


  Rendered /Users/iMuzz/.rvm/gems/ruby-2.0.0-p481/gems/actionpack-4.0.3/lib/action_dispatch/middleware/templates/rescues/unknown_action.erb within rescues/layout (0.3ms)


Started GET "/users/3" for 127.0.0.1 at 2014-10-31 14:29:36 -0400
Processing by UsersController#show as HTML
  Parameters: {"id"=>"3"}
Redirected to http://localhost:3000/
Completed 302 Found in 0ms (ActiveRecord: 0.0ms)


Started GET "/" for 127.0.0.1 at 2014-10-31 14:29:36 -0400
Processing by SessionsController#new as HTML
  Rendered sessions/new.html.erb within layouts/application (1.0ms)
Completed 200 OK in 3ms (Views: 2.3ms | ActiveRecord: 0.0ms)


Started POST "/login" for 127.0.0.1 at 2014-10-31 14:29:40 -0400
Processing by SessionsController#create as HTML
  Parameters: {"utf8"=>"✓", "authenticity_token"=>"C1V+xpftLVPpl+sA2zDdmwfzSSUaY3oQmCuVxz5pPs0=", "session"=>{"username"=>"admin", "password"=>"[FILTERED]"}, "commit"=>"Log in"}
  [1m[36mUser Load (0.4ms)[0m  [1mSELECT "users".* FROM "users" WHERE "users"."username" = 'admin' LIMIT 1[0m
  [1m[35mUser Load (0.4ms)[0m  SELECT "users".* FROM "users" WHERE "users"."id" = 1 LIMIT 1
Redirected to http://localhost:3000/users/1
Completed 302 Found in 84ms (ActiveRecord: 3.5ms)


Started GET "/users/1" for 127.0.0.1 at 2014-10-31 14:29:40 -0400
Processing by UsersController#show as HTML
  Parameters: {"id"=>"1"}
Redirected to http://localhost:3000/
Completed 302 Found in 0ms (ActiveRecord: 0.0ms)


Started GET "/" for 127.0.0.1 at 2014-10-31 14:29:40 -0400
Processing by SessionsController#new as HTML
  Rendered sessions/new.html.erb within layouts/application (0.9ms)
Completed 200 OK in 2ms (Views: 2.2ms | ActiveRecord: 0.0ms)


Started GET "/signup" for 127.0.0.1 at 2014-10-31 14:30:31 -0400
Processing by UsersController#new as HTML
  Rendered users/new.html.erb within layouts/application (4.6ms)
Completed 200 OK in 15ms (Views: 6.1ms | ActiveRecord: 1.7ms)
  [1m[36mUser Load (1.1ms)[0m  [1mSELECT "users".* FROM "users"[0m
  [1m[35m (0.6ms)[0m  SELECT COUNT(*) FROM "users"
  [1m[36mUser Load (0.5ms)[0m  [1mSELECT "users".* FROM "users"[0m
  [1m[35m (0.1ms)[0m  BEGIN
  [1m[36mSQL (2.5ms)[0m  [1mDELETE FROM "users" WHERE "users"."id" = $1[0m  [["id", 1]]
  [1m[35m (0.9ms)[0m  COMMIT
  [1m[36m (0.1ms)[0m  [1mBEGIN[0m
  [1m[35mSQL (0.2ms)[0m  DELETE FROM "users" WHERE "users"."id" = $1  [["id", 2]]
  [1m[36m (0.2ms)[0m  [1mCOMMIT[0m
  [1m[35m (0.1ms)[0m  BEGIN
  [1m[36mSQL (0.2ms)[0m  [1mDELETE FROM "users" WHERE "users"."id" = $1[0m  [["id", 3]]
  [1m[35m (0.2ms)[0m  COMMIT
  [1m[36mUser Load (1.0ms)[0m  [1mSELECT "users".* FROM "users" ORDER BY "users"."id" ASC LIMIT 1[0m


Started POST "/users" for 127.0.0.1 at 2014-10-31 14:31:19 -0400
Processing by UsersController#create as HTML
  Parameters: {"utf8"=>"✓", "authenticity_token"=>"C1V+xpftLVPpl+sA2zDdmwfzSSUaY3oQmCuVxz5pPs0=", "user"=>{"username"=>"admin", "password"=>"[FILTERED]", "password_confirmation"=>"[FILTERED]"}, "commit"=>"Create Account"}
  [1m[36m (0.2ms)[0m  [1mBEGIN[0m
  [1m[35mSQL (0.4ms)[0m  INSERT INTO "users" ("created_at", "password_digest", "updated_at", "username") VALUES ($1, $2, $3, $4) RETURNING "id"  [["created_at", Fri, 31 Oct 2014 18:31:19 UTC +00:00], ["password_digest", "$2a$10$BZzfY4NYRkO2fgaJl4AlpuZPmhQRCKvo4x5XlB5Wz9BFmVCWwCOzm"], ["updated_at", Fri, 31 Oct 2014 18:31:19 UTC +00:00], ["username", "admin"]]
  [1m[36m (1.1ms)[0m  [1mCOMMIT[0m
  [1m[35mUser Load (0.3ms)[0m  SELECT "users".* FROM "users" WHERE "users"."id" = 4 LIMIT 1
Redirected to http://localhost:3000/users/4
Completed 302 Found in 71ms (ActiveRecord: 2.1ms)


Started GET "/users/4" for 127.0.0.1 at 2014-10-31 14:31:19 -0400

AbstractController::ActionNotFound (The action 'show' could not be found for UsersController):
  actionpack (4.0.3) lib/abstract_controller/base.rb:131:in `process'
  actionpack (4.0.3) lib/abstract_controller/rendering.rb:44:in `process'
  actionpack (4.0.3) lib/action_controller/metal.rb:195:in `dispatch'
  actionpack (4.0.3) lib/action_controller/metal/rack_delegation.rb:13:in `dispatch'
  actionpack (4.0.3) lib/action_controller/metal.rb:231:in `block in action'
  actionpack (4.0.3) lib/action_dispatch/routing/route_set.rb:80:in `call'
  actionpack (4.0.3) lib/action_dispatch/routing/route_set.rb:80:in `dispatch'
  actionpack (4.0.3) lib/action_dispatch/routing/route_set.rb:48:in `call'
  actionpack (4.0.3) lib/action_dispatch/journey/router.rb:71:in `block in call'
  actionpack (4.0.3) lib/action_dispatch/journey/router.rb:59:in `each'
  actionpack (4.0.3) lib/action_dispatch/journey/router.rb:59:in `call'
  actionpack (4.0.3) lib/action_dispatch/routing/route_set.rb:680:in `call'
  rack (1.5.2) lib/rack/etag.rb:23:in `call'
  rack (1.5.2) lib/rack/conditionalget.rb:25:in `call'
  rack (1.5.2) lib/rack/head.rb:11:in `call'
  actionpack (4.0.3) lib/action_dispatch/middleware/params_parser.rb:27:in `call'
  actionpack (4.0.3) lib/action_dispatch/middleware/flash.rb:241:in `call'
  rack (1.5.2) lib/rack/session/abstract/id.rb:225:in `context'
  rack (1.5.2) lib/rack/session/abstract/id.rb:220:in `call'
  actionpack (4.0.3) lib/action_dispatch/middleware/cookies.rb:486:in `call'
  activerecord (4.0.3) lib/active_record/query_cache.rb:36:in `call'
  activerecord (4.0.3) lib/active_record/connection_adapters/abstract/connection_pool.rb:626:in `call'
  activerecord (4.0.3) lib/active_record/migration.rb:369:in `call'
  actionpack (4.0.3) lib/action_dispatch/middleware/callbacks.rb:29:in `block in call'
  activesupport (4.0.3) lib/active_support/callbacks.rb:373:in `_run__2895126854955478058__call__callbacks'
  activesupport (4.0.3) lib/active_support/callbacks.rb:80:in `run_callbacks'
  actionpack (4.0.3) lib/action_dispatch/middleware/callbacks.rb:27:in `call'
  actionpack (4.0.3) lib/action_dispatch/middleware/reloader.rb:64:in `call'
  actionpack (4.0.3) lib/action_dispatch/middleware/remote_ip.rb:76:in `call'
  actionpack (4.0.3) lib/action_dispatch/middleware/debug_exceptions.rb:17:in `call'
  actionpack (4.0.3) lib/action_dispatch/middleware/show_exceptions.rb:30:in `call'
  railties (4.0.3) lib/rails/rack/logger.rb:38:in `call_app'
  railties (4.0.3) lib/rails/rack/logger.rb:20:in `block in call'
  activesupport (4.0.3) lib/active_support/tagged_logging.rb:67:in `block in tagged'
  activesupport (4.0.3) lib/active_support/tagged_logging.rb:25:in `tagged'
  activesupport (4.0.3) lib/active_support/tagged_logging.rb:67:in `tagged'
  railties (4.0.3) lib/rails/rack/logger.rb:20:in `call'
  actionpack (4.0.3) lib/action_dispatch/middleware/request_id.rb:21:in `call'
  rack (1.5.2) lib/rack/methodoverride.rb:21:in `call'
  rack (1.5.2) lib/rack/runtime.rb:17:in `call'
  activesupport (4.0.3) lib/active_support/cache/strategy/local_cache.rb:83:in `call'
  rack (1.5.2) lib/rack/lock.rb:17:in `call'
  actionpack (4.0.3) lib/action_dispatch/middleware/static.rb:64:in `call'
  rack (1.5.2) lib/rack/sendfile.rb:112:in `call'
  railties (4.0.3) lib/rails/engine.rb:511:in `call'
  railties (4.0.3) lib/rails/application.rb:97:in `call'
  rack (1.5.2) lib/rack/lock.rb:17:in `call'
  rack (1.5.2) lib/rack/content_length.rb:14:in `call'
  rack (1.5.2) lib/rack/handler/webrick.rb:60:in `service'
  /Users/iMuzz/.rvm/rubies/ruby-2.0.0-p481/lib/ruby/2.0.0/webrick/httpserver.rb:138:in `service'
  /Users/iMuzz/.rvm/rubies/ruby-2.0.0-p481/lib/ruby/2.0.0/webrick/httpserver.rb:94:in `run'
  /Users/iMuzz/.rvm/rubies/ruby-2.0.0-p481/lib/ruby/2.0.0/webrick/server.rb:295:in `block in start_thread'


  Rendered /Users/iMuzz/.rvm/gems/ruby-2.0.0-p481/gems/actionpack-4.0.3/lib/action_dispatch/middleware/templates/rescues/unknown_action.erb within rescues/layout (0.3ms)
  [1m[35mUser Load (0.7ms)[0m  SELECT "users".* FROM "users" ORDER BY "users"."id" ASC LIMIT 1


Started GET "/users/4" for 127.0.0.1 at 2014-10-31 14:31:35 -0400

AbstractController::ActionNotFound (The action 'show' could not be found for UsersController):
  actionpack (4.0.3) lib/abstract_controller/base.rb:131:in `process'
  actionpack (4.0.3) lib/abstract_controller/rendering.rb:44:in `process'
  actionpack (4.0.3) lib/action_controller/metal.rb:195:in `dispatch'
  actionpack (4.0.3) lib/action_controller/metal/rack_delegation.rb:13:in `dispatch'
  actionpack (4.0.3) lib/action_controller/metal.rb:231:in `block in action'
  actionpack (4.0.3) lib/action_dispatch/routing/route_set.rb:80:in `call'
  actionpack (4.0.3) lib/action_dispatch/routing/route_set.rb:80:in `dispatch'
  actionpack (4.0.3) lib/action_dispatch/routing/route_set.rb:48:in `call'
  actionpack (4.0.3) lib/action_dispatch/journey/router.rb:71:in `block in call'
  actionpack (4.0.3) lib/action_dispatch/journey/router.rb:59:in `each'
  actionpack (4.0.3) lib/action_dispatch/journey/router.rb:59:in `call'
  actionpack (4.0.3) lib/action_dispatch/routing/route_set.rb:680:in `call'
  rack (1.5.2) lib/rack/etag.rb:23:in `call'
  rack (1.5.2) lib/rack/conditionalget.rb:25:in `call'
  rack (1.5.2) lib/rack/head.rb:11:in `call'
  actionpack (4.0.3) lib/action_dispatch/middleware/params_parser.rb:27:in `call'
  actionpack (4.0.3) lib/action_dispatch/middleware/flash.rb:241:in `call'
  rack (1.5.2) lib/rack/session/abstract/id.rb:225:in `context'
  rack (1.5.2) lib/rack/session/abstract/id.rb:220:in `call'
  actionpack (4.0.3) lib/action_dispatch/middleware/cookies.rb:486:in `call'
  activerecord (4.0.3) lib/active_record/query_cache.rb:36:in `call'
  activerecord (4.0.3) lib/active_record/connection_adapters/abstract/connection_pool.rb:626:in `call'
  activerecord (4.0.3) lib/active_record/migration.rb:369:in `call'
  actionpack (4.0.3) lib/action_dispatch/middleware/callbacks.rb:29:in `block in call'
  activesupport (4.0.3) lib/active_support/callbacks.rb:373:in `_run__2895126854955478058__call__callbacks'
  activesupport (4.0.3) lib/active_support/callbacks.rb:80:in `run_callbacks'
  actionpack (4.0.3) lib/action_dispatch/middleware/callbacks.rb:27:in `call'
  actionpack (4.0.3) lib/action_dispatch/middleware/reloader.rb:64:in `call'
  actionpack (4.0.3) lib/action_dispatch/middleware/remote_ip.rb:76:in `call'
  actionpack (4.0.3) lib/action_dispatch/middleware/debug_exceptions.rb:17:in `call'
  actionpack (4.0.3) lib/action_dispatch/middleware/show_exceptions.rb:30:in `call'
  railties (4.0.3) lib/rails/rack/logger.rb:38:in `call_app'
  railties (4.0.3) lib/rails/rack/logger.rb:20:in `block in call'
  activesupport (4.0.3) lib/active_support/tagged_logging.rb:67:in `block in tagged'
  activesupport (4.0.3) lib/active_support/tagged_logging.rb:25:in `tagged'
  activesupport (4.0.3) lib/active_support/tagged_logging.rb:67:in `tagged'
  railties (4.0.3) lib/rails/rack/logger.rb:20:in `call'
  actionpack (4.0.3) lib/action_dispatch/middleware/request_id.rb:21:in `call'
  rack (1.5.2) lib/rack/methodoverride.rb:21:in `call'
  rack (1.5.2) lib/rack/runtime.rb:17:in `call'
  activesupport (4.0.3) lib/active_support/cache/strategy/local_cache.rb:83:in `call'
  rack (1.5.2) lib/rack/lock.rb:17:in `call'
  actionpack (4.0.3) lib/action_dispatch/middleware/static.rb:64:in `call'
  rack (1.5.2) lib/rack/sendfile.rb:112:in `call'
  railties (4.0.3) lib/rails/engine.rb:511:in `call'
  railties (4.0.3) lib/rails/application.rb:97:in `call'
  rack (1.5.2) lib/rack/lock.rb:17:in `call'
  rack (1.5.2) lib/rack/content_length.rb:14:in `call'
  rack (1.5.2) lib/rack/handler/webrick.rb:60:in `service'
  /Users/iMuzz/.rvm/rubies/ruby-2.0.0-p481/lib/ruby/2.0.0/webrick/httpserver.rb:138:in `service'
  /Users/iMuzz/.rvm/rubies/ruby-2.0.0-p481/lib/ruby/2.0.0/webrick/httpserver.rb:94:in `run'
  /Users/iMuzz/.rvm/rubies/ruby-2.0.0-p481/lib/ruby/2.0.0/webrick/server.rb:295:in `block in start_thread'


  Rendered /Users/iMuzz/.rvm/gems/ruby-2.0.0-p481/gems/actionpack-4.0.3/lib/action_dispatch/middleware/templates/rescues/unknown_action.erb within rescues/layout (0.4ms)


Started GET "/" for 127.0.0.1 at 2014-10-31 14:31:39 -0400
Processing by SessionsController#new as HTML
  Rendered sessions/new.html.erb within layouts/application (0.9ms)
Completed 200 OK in 2ms (Views: 2.1ms | ActiveRecord: 0.0ms)


Started POST "/login" for 127.0.0.1 at 2014-10-31 14:31:43 -0400
Processing by SessionsController#create as HTML
  Parameters: {"utf8"=>"✓", "authenticity_token"=>"C1V+xpftLVPpl+sA2zDdmwfzSSUaY3oQmCuVxz5pPs0=", "session"=>{"username"=>"admin", "password"=>"[FILTERED]"}, "commit"=>"Log in"}
  [1m[36mUser Load (0.2ms)[0m  [1mSELECT "users".* FROM "users" WHERE "users"."username" = 'admin' LIMIT 1[0m
  [1m[35mUser Load (0.5ms)[0m  SELECT "users".* FROM "users" WHERE "users"."id" = 4 LIMIT 1
Redirected to http://localhost:3000/users/4
Completed 302 Found in 5012ms (ActiveRecord: 2.7ms)


Started POST "/login" for 127.0.0.1 at 2014-10-31 14:31:48 -0400
Processing by SessionsController#create as HTML
  Parameters: {"utf8"=>"✓", "authenticity_token"=>"C1V+xpftLVPpl+sA2zDdmwfzSSUaY3oQmCuVxz5pPs0=", "session"=>{"username"=>"admin", "password"=>"[FILTERED]"}, "commit"=>"Log in"}
  [1m[36mUser Load (0.3ms)[0m  [1mSELECT "users".* FROM "users" WHERE "users"."username" = 'admin' LIMIT 1[0m
  [1m[35mUser Load (0.5ms)[0m  SELECT "users".* FROM "users" WHERE "users"."id" = 4 LIMIT 1
Redirected to http://localhost:3000/users/4
Completed 302 Found in 8532ms (ActiveRecord: 0.7ms)


Started GET "/users/4" for 127.0.0.1 at 2014-10-31 14:31:56 -0400

AbstractController::ActionNotFound (The action 'show' could not be found for UsersController):
  actionpack (4.0.3) lib/abstract_controller/base.rb:131:in `process'
  actionpack (4.0.3) lib/abstract_controller/rendering.rb:44:in `process'
  actionpack (4.0.3) lib/action_controller/metal.rb:195:in `dispatch'
  actionpack (4.0.3) lib/action_controller/metal/rack_delegation.rb:13:in `dispatch'
  actionpack (4.0.3) lib/action_controller/metal.rb:231:in `block in action'
  actionpack (4.0.3) lib/action_dispatch/routing/route_set.rb:80:in `call'
  actionpack (4.0.3) lib/action_dispatch/routing/route_set.rb:80:in `dispatch'
  actionpack (4.0.3) lib/action_dispatch/routing/route_set.rb:48:in `call'
  actionpack (4.0.3) lib/action_dispatch/journey/router.rb:71:in `block in call'
  actionpack (4.0.3) lib/action_dispatch/journey/router.rb:59:in `each'
  actionpack (4.0.3) lib/action_dispatch/journey/router.rb:59:in `call'
  actionpack (4.0.3) lib/action_dispatch/routing/route_set.rb:680:in `call'
  rack (1.5.2) lib/rack/etag.rb:23:in `call'
  rack (1.5.2) lib/rack/conditionalget.rb:25:in `call'
  rack (1.5.2) lib/rack/head.rb:11:in `call'
  actionpack (4.0.3) lib/action_dispatch/middleware/params_parser.rb:27:in `call'
  actionpack (4.0.3) lib/action_dispatch/middleware/flash.rb:241:in `call'
  rack (1.5.2) lib/rack/session/abstract/id.rb:225:in `context'
  rack (1.5.2) lib/rack/session/abstract/id.rb:220:in `call'
  actionpack (4.0.3) lib/action_dispatch/middleware/cookies.rb:486:in `call'
  activerecord (4.0.3) lib/active_record/query_cache.rb:36:in `call'
  activerecord (4.0.3) lib/active_record/connection_adapters/abstract/connection_pool.rb:626:in `call'
  activerecord (4.0.3) lib/active_record/migration.rb:369:in `call'
  actionpack (4.0.3) lib/action_dispatch/middleware/callbacks.rb:29:in `block in call'
  activesupport (4.0.3) lib/active_support/callbacks.rb:373:in `_run__2895126854955478058__call__callbacks'
  activesupport (4.0.3) lib/active_support/callbacks.rb:80:in `run_callbacks'
  actionpack (4.0.3) lib/action_dispatch/middleware/callbacks.rb:27:in `call'
  actionpack (4.0.3) lib/action_dispatch/middleware/reloader.rb:64:in `call'
  actionpack (4.0.3) lib/action_dispatch/middleware/remote_ip.rb:76:in `call'
  actionpack (4.0.3) lib/action_dispatch/middleware/debug_exceptions.rb:17:in `call'
  actionpack (4.0.3) lib/action_dispatch/middleware/show_exceptions.rb:30:in `call'
  railties (4.0.3) lib/rails/rack/logger.rb:38:in `call_app'
  railties (4.0.3) lib/rails/rack/logger.rb:20:in `block in call'
  activesupport (4.0.3) lib/active_support/tagged_logging.rb:67:in `block in tagged'
  activesupport (4.0.3) lib/active_support/tagged_logging.rb:25:in `tagged'
  activesupport (4.0.3) lib/active_support/tagged_logging.rb:67:in `tagged'
  railties (4.0.3) lib/rails/rack/logger.rb:20:in `call'
  actionpack (4.0.3) lib/action_dispatch/middleware/request_id.rb:21:in `call'
  rack (1.5.2) lib/rack/methodoverride.rb:21:in `call'
  rack (1.5.2) lib/rack/runtime.rb:17:in `call'
  activesupport (4.0.3) lib/active_support/cache/strategy/local_cache.rb:83:in `call'
  rack (1.5.2) lib/rack/lock.rb:17:in `call'
  actionpack (4.0.3) lib/action_dispatch/middleware/static.rb:64:in `call'
  rack (1.5.2) lib/rack/sendfile.rb:112:in `call'
  railties (4.0.3) lib/rails/engine.rb:511:in `call'
  railties (4.0.3) lib/rails/application.rb:97:in `call'
  rack (1.5.2) lib/rack/lock.rb:17:in `call'
  rack (1.5.2) lib/rack/content_length.rb:14:in `call'
  rack (1.5.2) lib/rack/handler/webrick.rb:60:in `service'
  /Users/iMuzz/.rvm/rubies/ruby-2.0.0-p481/lib/ruby/2.0.0/webrick/httpserver.rb:138:in `service'
  /Users/iMuzz/.rvm/rubies/ruby-2.0.0-p481/lib/ruby/2.0.0/webrick/httpserver.rb:94:in `run'
  /Users/iMuzz/.rvm/rubies/ruby-2.0.0-p481/lib/ruby/2.0.0/webrick/server.rb:295:in `block in start_thread'


  Rendered /Users/iMuzz/.rvm/gems/ruby-2.0.0-p481/gems/actionpack-4.0.3/lib/action_dispatch/middleware/templates/rescues/unknown_action.erb within rescues/layout (0.4ms)
